C:\USERS\DAVID\DESKTOP\FCG T1\FCG T1\DEBUG\MAIN.OBJ
C:\USERS\DAVID\DESKTOP\FCG T1\FCG T1\DEBUG\VC110.PDB
C:\USERS\DAVID\DESKTOP\FCG T1\DEBUG\FCG T1.ILK
C:\USERS\DAVID\DESKTOP\FCG T1\DEBUG\FCG T1.EXE
C:\USERS\DAVID\DESKTOP\FCG T1\DEBUG\FCG T1.PDB
C:\Users\david\Desktop\FCG T1\FCG T1\Debug\main.obj
C:\Users\david\Desktop\FCG T1\FCG T1\Debug\cl.command.1.tlog
C:\Users\david\Desktop\FCG T1\FCG T1\Debug\CL.read.1.tlog
C:\Users\david\Desktop\FCG T1\FCG T1\Debug\CL.write.1.tlog
C:\Users\david\Desktop\FCG T1\FCG T1\Debug\link-cvtres.read.1.tlog
C:\Users\david\Desktop\FCG T1\FCG T1\Debug\link-cvtres.write.1.tlog
C:\Users\david\Desktop\FCG T1\FCG T1\Debug\link-rc.read.1.tlog
C:\Users\david\Desktop\FCG T1\FCG T1\Debug\link-rc.write.1.tlog
C:\Users\david\Desktop\FCG T1\FCG T1\Debug\link.4716-cvtres.read.1.tlog
C:\Users\david\Desktop\FCG T1\FCG T1\Debug\link.4716-cvtres.write.1.tlog
C:\Users\david\Desktop\FCG T1\FCG T1\Debug\link.4716-rc.read.1.tlog
C:\Users\david\Desktop\FCG T1\FCG T1\Debug\link.4716-rc.write.1.tlog
C:\Users\david\Desktop\FCG T1\FCG T1\Debug\link.4716.read.1.tlog
C:\Users\david\Desktop\FCG T1\FCG T1\Debug\link.4716.write.1.tlog
C:\Users\david\Desktop\FCG T1\FCG T1\Debug\link.command.1.tlog
C:\Users\david\Desktop\FCG T1\FCG T1\Debug\link.read.1.tlog
C:\Users\david\Desktop\FCG T1\FCG T1\Debug\link.write.1.tlog
C:\Users\david\Desktop\FCG T1\FCG T1\Debug\vc110.idb
C:\Users\david\Desktop\FCG T1\FCG T1\Debug\vc110.pdb
C:\Users\david\Desktop\FCG T1\Debug\FCG T1.pdb
C:\Users\david\Desktop\FCG T1\Debug\FCG T1.exe
C:\Users\david\Desktop\FCG T1\Debug\FCG T1.ilk
