Build started 27/08/2014 21:42:31.
     1>Project "C:\Users\david\Desktop\FCG T1\FCG T1\FCG T1.vcxproj" on node 2 (Build target(s)).
     1>ClCompile:
         C:\Program Files (x86)\Microsoft Visual Studio 11.0\VC\bin\CL.exe /c /Zi /nologo /W3 /WX- /sdl /O2 /Oi /Oy- /GL /D WIN32 /D NDEBUG /D _CONSOLE /D _CRT_SECURE_NO_WARNINGS /D _UNICODE /D UNICODE /Gm- /EHsc /MD /GS /Gy /fp:precise /Zc:wchar_t /Zc:forScope /Fo"Release\\" /Fd"Release\vc110.pdb" /Gd /TP /analyze- /errorReport:prompt main.cpp
         main.cpp
     1>c:\users\david\desktop\fcg t1\fcg t1\tools/GL/glui.h(868): warning C4244: 'argument' : conversion from 'double' to 'GLfloat', possible loss of data
     1>c:\users\david\desktop\fcg t1\fcg t1\figure.h(211): warning C4018: '<' : signed/unsigned mismatch
     1>c:\users\david\desktop\fcg t1\fcg t1\figure.h(212): warning C4244: '=' : conversion from 'double' to 'float', possible loss of data
     1>c:\users\david\desktop\fcg t1\fcg t1\figure.h(213): warning C4244: '=' : conversion from 'double' to 'float', possible loss of data
     1>c:\users\david\desktop\fcg t1\fcg t1\figure.h(214): warning C4244: '=' : conversion from 'double' to 'float', possible loss of data
     1>main.cpp(297): warning C4018: '<' : signed/unsigned mismatch
     1>main.cpp(470): warning C4018: '<' : signed/unsigned mismatch
     1>main.cpp(657): warning C4138: '*/' found outside of comment
     1>main.cpp(650): warning C4101: 'boton' : unreferenced local variable
       Link:
         C:\Program Files (x86)\Microsoft Visual Studio 11.0\VC\bin\link.exe /ERRORREPORT:PROMPT /OUT:"C:\Users\david\Desktop\FCG T1\Release\FCG T1.exe" /INCREMENTAL:NO /NOLOGO kernel32.lib user32.lib gdi32.lib winspool.lib comdlg32.lib advapi32.lib shell32.lib ole32.lib oleaut32.lib uuid.lib odbc32.lib odbccp32.lib /MANIFEST /MANIFESTUAC:"level='asInvoker' uiAccess='false'" /manifest:embed /DEBUG /PDB:"C:\Users\david\Desktop\FCG T1\Release\FCG T1.pdb" /SUBSYSTEM:CONSOLE /OPT:REF /OPT:ICF /LTCG /TLBID:1 /DYNAMICBASE /NXCOMPAT /IMPLIB:"C:\Users\david\Desktop\FCG T1\Release\FCG T1.lib" /MACHINE:X86 /SAFESEH Release\main.obj
         Generating code
     1>c:\users\david\desktop\fcg t1\fcg t1\figure.h(360): warning C4715: 'figure::loadDDS' : not all control paths return a value
         Finished generating code
         FCG T1.vcxproj -> C:\Users\david\Desktop\FCG T1\Release\FCG T1.exe
     1>Done Building Project "C:\Users\david\Desktop\FCG T1\FCG T1\FCG T1.vcxproj" (Build target(s)).

Build succeeded.

Time Elapsed 00:00:15.34
